Using pre-set license
Built from '2021.1/staging' branch; Version is '2021.1.17f1 (03b40fe07a36) revision 242703'; Using compiler version '192528614'; Build Type 'Release'
OS: 'Windows 10 Pro; OS build 19042.746; Version 2009; 64bit' Language: 'en' Physical Memory: 16309 MB
BatchMode: 1, IsHumanControllingUs: 0, StartBugReporterOnCrash: 0, Is64bit: 1, IsPro: 0

 COMMAND LINE ARGUMENTS:
D:\Games Development\2021.1.17f1\Editor\Unity.exe
-adb2
-batchMode
-noUpm
-name
AssetImportWorker0
-projectPath
C:/Users/35387/Desktop/Dodge-Runner-Final-Version-/Dodge Runner
-logFile
Logs/AssetImportWorker0.log
-srvPort
64066
Successfully changed project path to: C:/Users/35387/Desktop/Dodge-Runner-Final-Version-/Dodge Runner
C:/Users/35387/Desktop/Dodge-Runner-Final-Version-/Dodge Runner
Using Asset Import Pipeline V2.
Refreshing native plugins compatible for Editor in 61.29 ms, found 2 plugins.
Preloading 0 native plugins for Editor in 0.00 ms.
Initialize engine version: 2021.1.17f1 (03b40fe07a36)
[Subsystems] Discovering subsystems at path D:/Games Development/2021.1.17f1/Editor/Data/Resources/UnitySubsystems
[Subsystems] Discovering subsystems at path C:/Users/35387/Desktop/Dodge-Runner-Final-Version-/Dodge Runner/Assets
GfxDevice: creating device client; threaded=0; jobified=0
Direct3D:
    Version:  Direct3D 11.0 [level 11.1]
    Renderer: NVIDIA GeForce GTX 1660 SUPER (ID=0x21c4)
    Vendor:   NVIDIA
    VRAM:     5991 MB
    Driver:   30.0.14.9649
Initialize mono
Mono path[0] = 'D:/Games Development/2021.1.17f1/Editor/Data/Managed'
Mono path[1] = 'D:/Games Development/2021.1.17f1/Editor/Data/MonoBleedingEdge/lib/mono/unityjit'
Mono config path = 'D:/Games Development/2021.1.17f1/Editor/Data/MonoBleedingEdge/etc'
Using monoOptions --debugger-agent=transport=dt_socket,embedding=1,server=y,suspend=n,address=127.0.0.1:56972
Begin MonoManager ReloadAssembly
Registering precompiled unity dll's ...
Register platform support module: D:/Games Development/2021.1.17f1/Editor/Data/PlaybackEngines/WebGLSupport/UnityEditor.WebGL.Extensions.dll
Register platform support module: D:/Games Development/2021.1.17f1/Editor/Data/PlaybackEngines/WindowsStandaloneSupport/UnityEditor.WindowsStandalone.Extensions.dll
Registered in 0.002864 seconds.
Native extension for WindowsStandalone target not found
Native extension for WebGL target not found
Refreshing native plugins compatible for Editor in 60.75 ms, found 2 plugins.
Preloading 0 native plugins for Editor in 0.00 ms.
Mono: successfully reloaded assembly
- Completed reload, in  2.804 seconds
Domain Reload Profiling:
	ReloadAssembly (2804ms)
		BeginReloadAssembly (171ms)
			ExecutionOrderSort (0ms)
			DisableScriptedObjects (0ms)
			BackupInstance (0ms)
			ReleaseScriptingObjects (0ms)
			CreateAndSetChildDomain (2ms)
		EndReloadAssembly (849ms)
			LoadAssemblies (171ms)
			RebuildTransferFunctionScriptingTraits (0ms)
			SetupTypeCache (343ms)
			ReleaseScriptCaches (0ms)
			RebuildScriptCaches (63ms)
			SetupLoadedEditorAssemblies (350ms)
				LogAssemblyErrors (0ms)
				InitializePlatformSupportModulesInManaged (14ms)
				SetLoadedEditorAssemblies (0ms)
				RefreshPlugins (61ms)
				BeforeProcessingInitializeOnLoad (2ms)
				ProcessInitializeOnLoadAttributes (209ms)
				ProcessInitializeOnLoadMethodAttributes (63ms)
				AfterProcessingInitializeOnLoad (0ms)
				EditorAssembliesLoaded (0ms)
			ExecutionOrderSort2 (0ms)
			AwakeInstancesAfterBackupRestoration (0ms)
Platform modules already initialized, skipping
Registering precompiled user dll's ...
Registered in 0.008357 seconds.
Begin MonoManager ReloadAssembly
Native extension for WindowsStandalone target not found
Native extension for WebGL target not found
Refreshing native plugins compatible for Editor in 0.92 ms, found 2 plugins.
Preloading 0 native plugins for Editor in 0.00 ms.
Mono: successfully reloaded assembly
- Completed reload, in  2.048 seconds
Domain Reload Profiling:
	ReloadAssembly (2049ms)
		BeginReloadAssembly (348ms)
			ExecutionOrderSort (0ms)
			DisableScriptedObjects (10ms)
			BackupInstance (0ms)
			ReleaseScriptingObjects (0ms)
			CreateAndSetChildDomain (46ms)
		EndReloadAssembly (1583ms)
			LoadAssemblies (223ms)
			RebuildTransferFunctionScriptingTraits (0ms)
			SetupTypeCache (589ms)
			ReleaseScriptCaches (1ms)
			RebuildScriptCaches (86ms)
			SetupLoadedEditorAssemblies (564ms)
				LogAssemblyErrors (0ms)
				InitializePlatformSupportModulesInManaged (12ms)
				SetLoadedEditorAssemblies (1ms)
				RefreshPlugins (1ms)
				BeforeProcessingInitializeOnLoad (89ms)
				ProcessInitializeOnLoadAttributes (439ms)
				ProcessInitializeOnLoadMethodAttributes (18ms)
				AfterProcessingInitializeOnLoad (4ms)
				EditorAssembliesLoaded (0ms)
			ExecutionOrderSort2 (0ms)
			AwakeInstancesAfterBackupRestoration (15ms)
Platform modules already initialized, skipping
========================================================================
Worker process is ready to serve import requests
Launched and connected shader compiler UnityShaderCompiler.exe after 0.12 seconds
Refreshing native plugins compatible for Editor in 0.76 ms, found 2 plugins.
Preloading 0 native plugins for Editor in 0.00 ms.
Unloading 1540 Unused Serialized files (Serialized files now loaded: 0)
System memory in use before: 73.3 MB.
System memory in use after: 73.4 MB.

Unloading 19 unused Assets to reduce memory usage. Loaded Objects now: 1992.
Total: 6.205800 ms (FindLiveObjects: 0.305900 ms CreateObjectMapping: 0.092200 ms MarkObjects: 5.645500 ms  DeleteObjects: 0.158400 ms)

AssetImportParameters requested are different than current active one (requested -> active):
  custom:framework-win-MediaFoundation: 216162199b28c13a410421893ffa2e32 -> 
  custom:video-decoder-ogg-theora: a1e56fd34408186e4bbccfd4996cb3dc -> 
  custom:container-muxer-webm: aa71ff27fc2769a1b78a27578f13a17b -> 
  custom:container-demuxer-webm: 4f35f7cbe854078d1ac9338744f61a02 -> 
  custom:container-demuxer-ogg: 62fdf1f143b41e24485cea50d1cbac27 -> 
  custom:video-encoder-webm-vp8: eb34c28f22e8b96e1ab97ce403110664 -> 
  custom:video-decoder-webm-vp8: 9c59270c3fd7afecdb556c50c9e8de78 -> 
  custom:audio-decoder-ogg-vorbis: bf7c407c2cedff20999df2af8eb42d56 -> 
  custom:audio-encoder-webm-vorbis: bf7c407c2cedff20999df2af8eb42d56 -> 
========================================================================
Received Import Request.
  path: Assets/Scenes/Map 1.unity
  artifactKey: Guid(9fc0d4010bbf28b4594072e72b8655ab) Importer(815301076,1909f56bfc062723c751e8b465ee728b)
Start importing Assets/Scenes/Map 1.unity using Guid(9fc0d4010bbf28b4594072e72b8655ab) Importer(815301076,1909f56bfc062723c751e8b465ee728b)  -> (artifact id: '4066119555767da725fa668553ae07e4') in 0.023074 seconds 
========================================================================
Received Import Request.
  Time since last request: 3.093696 seconds.
  path: Assets/Scenes/Map 2.unity
  artifactKey: Guid(a8e1d625755672247bc5e1dc53fc9fac) Importer(815301076,1909f56bfc062723c751e8b465ee728b)
Start importing Assets/Scenes/Map 2.unity using Guid(a8e1d625755672247bc5e1dc53fc9fac) Importer(815301076,1909f56bfc062723c751e8b465ee728b)  -> (artifact id: '3809a2c32e95de1f763ccb9f48783431') in 0.004790 seconds 
========================================================================
Received Import Request.
  Time since last request: 17.173337 seconds.
  path: Assets/Scenes/bernardo-azcona-fondo-1280.jpg
  artifactKey: Guid(8613b171e526ad04483b188061bda44b) Importer(815301076,1909f56bfc062723c751e8b465ee728b)
Start importing Assets/Scenes/bernardo-azcona-fondo-1280.jpg using Guid(8613b171e526ad04483b188061bda44b) Importer(815301076,1909f56bfc062723c751e8b465ee728b)  -> (artifact id: '94d9f8bc2385aa444f6b4a670053812a') in 0.150664 seconds 
========================================================================
Received Import Request.
  Time since last request: 53.956344 seconds.
  path: Assets/Materials
  artifactKey: Guid(f19ad003e7f95f643b6e072be47efc47) Importer(815301076,1909f56bfc062723c751e8b465ee728b)
Start importing Assets/Materials using Guid(f19ad003e7f95f643b6e072be47efc47) Importer(815301076,1909f56bfc062723c751e8b465ee728b)  -> (artifact id: '07e76513564c1077563718c9f2255c71') in 0.004749 seconds 
========================================================================
Received Import Request.
  Time since last request: 1.223076 seconds.
  path: Assets/Materials/bernardo-azcona-fondo-1280.mat
  artifactKey: Guid(386734ffbcee5b14caa403cdba88c008) Importer(815301076,1909f56bfc062723c751e8b465ee728b)
Start importing Assets/Materials/bernardo-azcona-fondo-1280.mat using Guid(386734ffbcee5b14caa403cdba88c008) Importer(815301076,1909f56bfc062723c751e8b465ee728b)  -> (artifact id: 'fe3aa07f2bc019c2dd21ed1790d48ec1') in 0.109540 seconds 
========================================================================
Received Import Request.
  Time since last request: 58.505348 seconds.
  path: Assets/TextMesh Pro/Resources/Fonts & Materials/LiberationSans SDF - Fallback.asset
  artifactKey: Guid(2e498d1c8094910479dc3e1b768306a4) Importer(815301076,1909f56bfc062723c751e8b465ee728b)
Start importing Assets/TextMesh Pro/Resources/Fonts & Materials/LiberationSans SDF - Fallback.asset using Guid(2e498d1c8094910479dc3e1b768306a4) Importer(815301076,1909f56bfc062723c751e8b465ee728b)  -> (artifact id: '5f22447eb7dcd920edd06fa2f27b4b93') in 0.089677 seconds 
========================================================================
Received Import Request.
  Time since last request: 0.000366 seconds.
  path: Assets/TextMesh Pro/Resources/Fonts & Materials/LiberationSans SDF - Outline.mat
  artifactKey: Guid(79459efec17a4d00a321bdcc27bbc385) Importer(815301076,1909f56bfc062723c751e8b465ee728b)
Start importing Assets/TextMesh Pro/Resources/Fonts & Materials/LiberationSans SDF - Outline.mat using Guid(79459efec17a4d00a321bdcc27bbc385) Importer(815301076,1909f56bfc062723c751e8b465ee728b)  -> (artifact id: '289988fcecf3b00d1602f8d2b589f7dd') in 0.046780 seconds 
========================================================================
Received Import Request.
  Time since last request: 0.000326 seconds.
  path: Assets/TextMesh Pro/Fonts/LiberationSans.ttf
  artifactKey: Guid(e3265ab4bf004d28a9537516768c1c75) Importer(815301076,1909f56bfc062723c751e8b465ee728b)
Start importing Assets/TextMesh Pro/Fonts/LiberationSans.ttf using Guid(e3265ab4bf004d28a9537516768c1c75) Importer(815301076,1909f56bfc062723c751e8b465ee728b)  -> (artifact id: '521ae0ff9a0c3891bae605bf9b8fac06') in 0.034567 seconds 
========================================================================
Received Import Request.
  Time since last request: 0.000362 seconds.
  path: Assets/TextMesh Pro/Resources/Fonts & Materials/LiberationSans SDF - Drop Shadow.mat
  artifactKey: Guid(e73a58f6e2794ae7b1b7e50b7fb811b0) Importer(815301076,1909f56bfc062723c751e8b465ee728b)
Start importing Assets/TextMesh Pro/Resources/Fonts & Materials/LiberationSans SDF - Drop Shadow.mat using Guid(e73a58f6e2794ae7b1b7e50b7fb811b0) Importer(815301076,1909f56bfc062723c751e8b465ee728b)  -> (artifact id: 'ca0d2861f60500f05bd29199894f7bb5') in 0.172599 seconds 
========================================================================
Received Import Request.
  Time since last request: 25.034163 seconds.
  path: Assets/bernardo-azcona-fondo-1280.jpg
  artifactKey: Guid(8613b171e526ad04483b188061bda44b) Importer(815301076,1909f56bfc062723c751e8b465ee728b)
Start importing Assets/bernardo-azcona-fondo-1280.jpg using Guid(8613b171e526ad04483b188061bda44b) Importer(815301076,1909f56bfc062723c751e8b465ee728b)  -> (artifact id: 'b2f05909c2b1cbc9509a1bb966eef0ac') in 0.038851 seconds 
========================================================================
Received Prepare
Registering precompiled user dll's ...
Registered in 0.008768 seconds.
Begin MonoManager ReloadAssembly
Native extension for WindowsStandalone target not found
Native extension for WebGL target not found
Refreshing native plugins compatible for Editor in 0.78 ms, found 2 plugins.
Preloading 0 native plugins for Editor in 0.00 ms.
Mono: successfully reloaded assembly
- Completed reload, in  1.920 seconds
Domain Reload Profiling:
	ReloadAssembly (1920ms)
		BeginReloadAssembly (248ms)
			ExecutionOrderSort (0ms)
			DisableScriptedObjects (8ms)
			BackupInstance (0ms)
			ReleaseScriptingObjects (0ms)
			CreateAndSetChildDomain (71ms)
		EndReloadAssembly (1561ms)
			LoadAssemblies (209ms)
			RebuildTransferFunctionScriptingTraits (0ms)
			SetupTypeCache (578ms)
			ReleaseScriptCaches (2ms)
			RebuildScriptCaches (75ms)
			SetupLoadedEditorAssemblies (523ms)
				LogAssemblyErrors (0ms)
				InitializePlatformSupportModulesInManaged (12ms)
				SetLoadedEditorAssemblies (1ms)
				RefreshPlugins (1ms)
				BeforeProcessingInitializeOnLoad (79ms)
				ProcessInitializeOnLoadAttributes (408ms)
				ProcessInitializeOnLoadMethodAttributes (17ms)
				AfterProcessingInitializeOnLoad (4ms)
				EditorAssembliesLoaded (1ms)
			ExecutionOrderSort2 (0ms)
			AwakeInstancesAfterBackupRestoration (28ms)
Platform modules already initialized, skipping
Refreshing native plugins compatible for Editor in 0.89 ms, found 2 plugins.
Preloading 0 native plugins for Editor in 0.00 ms.
Unloading 1524 Unused Serialized files (Serialized files now loaded: 0)
System memory in use before: 78.4 MB.
System memory in use after: 78.5 MB.

Unloading 14 unused Assets to reduce memory usage. Loaded Objects now: 2101.
Total: 6.246500 ms (FindLiveObjects: 0.293100 ms CreateObjectMapping: 0.083200 ms MarkObjects: 5.820600 ms  DeleteObjects: 0.047400 ms)

AssetImportParameters requested are different than current active one (requested -> active):
  custom:framework-win-MediaFoundation: 216162199b28c13a410421893ffa2e32 -> 
  custom:video-decoder-ogg-theora: a1e56fd34408186e4bbccfd4996cb3dc -> 
  custom:container-muxer-webm: aa71ff27fc2769a1b78a27578f13a17b -> 
  custom:container-demuxer-webm: 4f35f7cbe854078d1ac9338744f61a02 -> 
  custom:container-demuxer-ogg: 62fdf1f143b41e24485cea50d1cbac27 -> 
  custom:video-encoder-webm-vp8: eb34c28f22e8b96e1ab97ce403110664 -> 
  custom:video-decoder-webm-vp8: 9c59270c3fd7afecdb556c50c9e8de78 -> 
  custom:audio-decoder-ogg-vorbis: bf7c407c2cedff20999df2af8eb42d56 -> 
  custom:audio-encoder-webm-vorbis: bf7c407c2cedff20999df2af8eb42d56 -> 
